24-Nov-2023 15:44:36.943 INFO [main] org.apache.catalina.startup.VersionLoggerListener.log Nom version serveur :              Apache Tomcat/9.0.52
24-Nov-2023 15:44:36.945 INFO [main] org.apache.catalina.startup.VersionLoggerListener.log Serveur compilé :                  Jul 31 2021 04:12:17 UTC
24-Nov-2023 15:44:36.945 INFO [main] org.apache.catalina.startup.VersionLoggerListener.log Version du serveur :               9.0.52.0
24-Nov-2023 15:44:36.945 INFO [main] org.apache.catalina.startup.VersionLoggerListener.log Nom de l'OS :                      Windows 10
24-Nov-2023 15:44:36.945 INFO [main] org.apache.catalina.startup.VersionLoggerListener.log Version OS :                       10.0
24-Nov-2023 15:44:36.945 INFO [main] org.apache.catalina.startup.VersionLoggerListener.log Architecture :                     amd64
24-Nov-2023 15:44:36.946 INFO [main] org.apache.catalina.startup.VersionLoggerListener.log Java Home :                        C:\Program Files\Java\jdk-17
24-Nov-2023 15:44:36.946 INFO [main] org.apache.catalina.startup.VersionLoggerListener.log Version JVM :                      17.0.8+9-LTS-211
24-Nov-2023 15:44:36.946 INFO [main] org.apache.catalina.startup.VersionLoggerListener.log Fournisseur de la JVM :            Oracle Corporation
24-Nov-2023 15:44:36.946 INFO [main] org.apache.catalina.startup.VersionLoggerListener.log CATALINA_BASE :                    C:\Users\20100\eclipse-workspace\_SOPRA-231010-GIT\apache-tomcat-9.0.52
24-Nov-2023 15:44:36.946 INFO [main] org.apache.catalina.startup.VersionLoggerListener.log CATALINA_HOME :                    C:\Users\20100\eclipse-workspace\_SOPRA-231010-GIT\apache-tomcat-9.0.52
24-Nov-2023 15:44:36.960 INFO [main] org.apache.catalina.startup.VersionLoggerListener.log Argument de la ligne de commande : -Djava.util.logging.config.file=c:\Users\20100\eclipse-workspace\_SOPRA-231010-GIT\apache-tomcat-9.0.52/conf/logging.properties
24-Nov-2023 15:44:36.960 INFO [main] org.apache.catalina.startup.VersionLoggerListener.log Argument de la ligne de commande : -Djava.util.logging.manager=org.apache.juli.ClassLoaderLogManager
24-Nov-2023 15:44:36.960 INFO [main] org.apache.catalina.startup.VersionLoggerListener.log Argument de la ligne de commande : -Djdk.tls.ephemeralDHKeySize=2048
24-Nov-2023 15:44:36.960 INFO [main] org.apache.catalina.startup.VersionLoggerListener.log Argument de la ligne de commande : -Djava.protocol.handler.pkgs=org.apache.catalina.webresources
24-Nov-2023 15:44:36.960 INFO [main] org.apache.catalina.startup.VersionLoggerListener.log Argument de la ligne de commande : -Dorg.apache.catalina.security.SecurityListener.UMASK=0027
24-Nov-2023 15:44:36.961 INFO [main] org.apache.catalina.startup.VersionLoggerListener.log Argument de la ligne de commande : -Dcatalina.base=c:\Users\20100\eclipse-workspace\_SOPRA-231010-GIT\apache-tomcat-9.0.52
24-Nov-2023 15:44:36.961 INFO [main] org.apache.catalina.startup.VersionLoggerListener.log Argument de la ligne de commande : -Dcatalina.home=c:\Users\20100\eclipse-workspace\_SOPRA-231010-GIT\apache-tomcat-9.0.52
24-Nov-2023 15:44:36.961 INFO [main] org.apache.catalina.startup.VersionLoggerListener.log Argument de la ligne de commande : -Djava.io.tmpdir=c:\Users\20100\eclipse-workspace\_SOPRA-231010-GIT\apache-tomcat-9.0.52/temp
24-Nov-2023 15:44:36.966 INFO [main] org.apache.catalina.core.AprLifecycleListener.lifecycleEvent La librairie Apache Tomcat Native basée sur APR qui permet des performances optimales dans les environnements de production n'a pas été trouvée sur le java.library.path : [C:\Program Files\Java\jdk-17\bin;C:\Windows\Sun\Java\bin;C:\Windows\system32;C:\Windows;C:\Program Files\Common Files\Oracle\Java\javapath;C:\Python311\Scripts\;C:\Python311\;C:\Program Files\Eclipse Adoptium\jdk-17.0.7.7-hotspot\bin;C:\Program Files\PerkinElmerInformatics\ChemOffice2020\ChemScript\Lib;C:\Program Files (x86)\Razer Chroma SDK\bin;C:\Program Files\Razer Chroma SDK\bin;C:\Program Files (x86)\Razer\ChromaBroadcast\bin;C:\Program Files\Razer\ChromaBroadcast\bin;C:\Program Files (x86)\Common Files\Oracle\Java\javapath;C:\Windows\system32;C:\Windows;C:\Windows\System32\Wbem;C:\Windows\System32\WindowsPowerShell\v1.0\;C:\Windows\System32\OpenSSH\;C:\Program Files (x86)\CambridgeSoft\ChemOffice2012\ChemScript\Lib;C:\Windows\system32\config\systemprofile\AppData\Local\Microsoft\WindowsApps;C:\Program Files (x86)\NVIDIA Corporation\PhysX\Common;C:\Program Files\NVIDIA Corporation\NVIDIA NvDLISR;C:\Program Files (x86)\dotnet\;C:\Program Files\Git\cmd;C:\Program Files\nodejs\;C:\ProgramData\chocolatey\bin;C:\Users\20100\AppData\Local\Microsoft\WindowsApps;C:\Users\20100\AppData\Local\Programs\Microsoft VS Code\bin;C:\Users\20100\AppData\Roaming\npm;C:\Users\20100\AppData\Local\gitkraken\bin;C:\Users\20100\AppData\Local\atom\bin;.]
24-Nov-2023 15:44:37.189 INFO [main] org.apache.coyote.AbstractProtocol.init Initialisation du gestionnaire de protocole ["http-nio-8080"]
24-Nov-2023 15:44:37.214 INFO [main] org.apache.catalina.startup.Catalina.load L'initialisation du serveur a pris [440] millisecondes
24-Nov-2023 15:44:37.258 INFO [main] org.apache.catalina.core.StandardService.startInternal Démarrage du service [Catalina]
24-Nov-2023 15:44:37.258 INFO [main] org.apache.catalina.core.StandardEngine.startInternal Démarrage du moteur de Servlets : [Apache Tomcat/9.0.52]
24-Nov-2023 15:44:37.268 INFO [main] org.apache.catalina.startup.HostConfig.deployDirectory Déploiement du répertoire d'application web [C:\Users\20100\eclipse-workspace\_SOPRA-231010-GIT\apache-tomcat-9.0.52\webapps\docs]
24-Nov-2023 15:44:37.539 INFO [main] org.apache.catalina.startup.HostConfig.deployDirectory Le déploiement du répertoire [C:\Users\20100\eclipse-workspace\_SOPRA-231010-GIT\apache-tomcat-9.0.52\webapps\docs] de l'application web s'est terminé en [269] ms
24-Nov-2023 15:44:37.540 INFO [main] org.apache.catalina.startup.HostConfig.deployDirectory Déploiement du répertoire d'application web [C:\Users\20100\eclipse-workspace\_SOPRA-231010-GIT\apache-tomcat-9.0.52\webapps\examples]
24-Nov-2023 15:44:37.912 INFO [main] org.apache.catalina.startup.HostConfig.deployDirectory Le déploiement du répertoire [C:\Users\20100\eclipse-workspace\_SOPRA-231010-GIT\apache-tomcat-9.0.52\webapps\examples] de l'application web s'est terminé en [372] ms
24-Nov-2023 15:44:37.913 INFO [main] org.apache.catalina.startup.HostConfig.deployDirectory Déploiement du répertoire d'application web [C:\Users\20100\eclipse-workspace\_SOPRA-231010-GIT\apache-tomcat-9.0.52\webapps\host-manager]
24-Nov-2023 15:44:37.956 INFO [main] org.apache.catalina.startup.HostConfig.deployDirectory Le déploiement du répertoire [C:\Users\20100\eclipse-workspace\_SOPRA-231010-GIT\apache-tomcat-9.0.52\webapps\host-manager] de l'application web s'est terminé en [42] ms
24-Nov-2023 15:44:37.956 INFO [main] org.apache.catalina.startup.HostConfig.deployDirectory Déploiement du répertoire d'application web [C:\Users\20100\eclipse-workspace\_SOPRA-231010-GIT\apache-tomcat-9.0.52\webapps\manager]
24-Nov-2023 15:44:37.993 INFO [main] org.apache.catalina.startup.HostConfig.deployDirectory Le déploiement du répertoire [C:\Users\20100\eclipse-workspace\_SOPRA-231010-GIT\apache-tomcat-9.0.52\webapps\manager] de l'application web s'est terminé en [37] ms
24-Nov-2023 15:44:37.993 INFO [main] org.apache.catalina.startup.HostConfig.deployDirectory Déploiement du répertoire d'application web [C:\Users\20100\eclipse-workspace\_SOPRA-231010-GIT\apache-tomcat-9.0.52\webapps\quest-front]
24-Nov-2023 15:44:38.022 INFO [main] org.apache.catalina.startup.HostConfig.deployDirectory Le déploiement du répertoire [C:\Users\20100\eclipse-workspace\_SOPRA-231010-GIT\apache-tomcat-9.0.52\webapps\quest-front] de l'application web s'est terminé en [28] ms
24-Nov-2023 15:44:38.022 INFO [main] org.apache.catalina.startup.HostConfig.deployDirectory Déploiement du répertoire d'application web [C:\Users\20100\eclipse-workspace\_SOPRA-231010-GIT\apache-tomcat-9.0.52\webapps\ROOT]
24-Nov-2023 15:44:38.044 INFO [main] org.apache.catalina.startup.HostConfig.deployDirectory Le déploiement du répertoire [C:\Users\20100\eclipse-workspace\_SOPRA-231010-GIT\apache-tomcat-9.0.52\webapps\ROOT] de l'application web s'est terminé en [22] ms
24-Nov-2023 15:44:38.048 INFO [main] org.apache.coyote.AbstractProtocol.start Démarrage du gestionnaire de protocole ["http-nio-8080"]
24-Nov-2023 15:44:38.109 INFO [main] org.apache.catalina.startup.Catalina.start Le démarrage du serveur a pris [895] millisecondes
24-Nov-2023 15:47:54.042 INFO [main] org.apache.catalina.core.StandardServer.await Une commande d'arrêt valide a été reçue sur le port d'arrêt, arrêt de l'instance du serveur
24-Nov-2023 15:47:54.043 INFO [main] org.apache.coyote.AbstractProtocol.pause Le gestionnaire de protocole ["http-nio-8080"] est mis en pause
24-Nov-2023 15:47:54.056 INFO [main] org.apache.catalina.core.StandardService.stopInternal Arrêt du service [Catalina]
24-Nov-2023 15:47:54.060 WARNING [main] org.apache.catalina.loader.WebappClassLoaderBase.clearReferencesObjectStreamClassCaches Lorsque Java 9 ou ultérieur est utilisé, "--add-opens=java.base/java.io=null" doit être ajouté aux arguments de la ligne de commande de la JVM pour activer la protection contre les fuites de mémoire du cache de ObjectStream; cet avertissement peut aussi être supprimé en désactivant cette protection
24-Nov-2023 15:47:54.061 WARNING [main] org.apache.catalina.loader.WebappClassLoaderBase.checkThreadLocalsForLeaks Quand Java 9 est utilisé, il faut utiliser "--add-opens=java.base/java.lang=ALL-UNNAMED" sur la ligne de commande de la JVM pour activer la détection de fuites de mémoire des ThreadLocal ; sinon cet avertissement peut être supprimé en désactivant cette détection
24-Nov-2023 15:47:54.062 WARNING [main] org.apache.catalina.loader.WebappClassLoaderBase.clearReferencesRmiTargets Quand Java 9 est utilisé, il faut utiliser "--add-opens=java.rmi/sun.rmi.transport=ALL-UNNAMED" sur la ligne de commande de la JVM pour activer la détection de fuites de mémoire des cibles RMI ; sinon cet avertissement peut être supprimé en désactivant cette détection
24-Nov-2023 15:47:54.065 WARNING [main] org.apache.catalina.loader.WebappClassLoaderBase.clearReferencesObjectStreamClassCaches Lorsque Java 9 ou ultérieur est utilisé, "--add-opens=java.base/java.io=null" doit être ajouté aux arguments de la ligne de commande de la JVM pour activer la protection contre les fuites de mémoire du cache de ObjectStream; cet avertissement peut aussi être supprimé en désactivant cette protection
24-Nov-2023 15:47:54.065 WARNING [main] org.apache.catalina.loader.WebappClassLoaderBase.checkThreadLocalsForLeaks Quand Java 9 est utilisé, il faut utiliser "--add-opens=java.base/java.lang=ALL-UNNAMED" sur la ligne de commande de la JVM pour activer la détection de fuites de mémoire des ThreadLocal ; sinon cet avertissement peut être supprimé en désactivant cette détection
24-Nov-2023 15:47:54.065 WARNING [main] org.apache.catalina.loader.WebappClassLoaderBase.clearReferencesRmiTargets Quand Java 9 est utilisé, il faut utiliser "--add-opens=java.rmi/sun.rmi.transport=ALL-UNNAMED" sur la ligne de commande de la JVM pour activer la détection de fuites de mémoire des cibles RMI ; sinon cet avertissement peut être supprimé en désactivant cette détection
24-Nov-2023 15:47:54.066 WARNING [main] org.apache.catalina.loader.WebappClassLoaderBase.clearReferencesObjectStreamClassCaches Lorsque Java 9 ou ultérieur est utilisé, "--add-opens=java.base/java.io=null" doit être ajouté aux arguments de la ligne de commande de la JVM pour activer la protection contre les fuites de mémoire du cache de ObjectStream; cet avertissement peut aussi être supprimé en désactivant cette protection
24-Nov-2023 15:47:54.066 WARNING [main] org.apache.catalina.loader.WebappClassLoaderBase.checkThreadLocalsForLeaks Quand Java 9 est utilisé, il faut utiliser "--add-opens=java.base/java.lang=ALL-UNNAMED" sur la ligne de commande de la JVM pour activer la détection de fuites de mémoire des ThreadLocal ; sinon cet avertissement peut être supprimé en désactivant cette détection
24-Nov-2023 15:47:54.067 WARNING [main] org.apache.catalina.loader.WebappClassLoaderBase.clearReferencesRmiTargets Quand Java 9 est utilisé, il faut utiliser "--add-opens=java.rmi/sun.rmi.transport=ALL-UNNAMED" sur la ligne de commande de la JVM pour activer la détection de fuites de mémoire des cibles RMI ; sinon cet avertissement peut être supprimé en désactivant cette détection
24-Nov-2023 15:47:54.068 WARNING [main] org.apache.catalina.loader.WebappClassLoaderBase.clearReferencesObjectStreamClassCaches Lorsque Java 9 ou ultérieur est utilisé, "--add-opens=java.base/java.io=null" doit être ajouté aux arguments de la ligne de commande de la JVM pour activer la protection contre les fuites de mémoire du cache de ObjectStream; cet avertissement peut aussi être supprimé en désactivant cette protection
24-Nov-2023 15:47:54.068 WARNING [main] org.apache.catalina.loader.WebappClassLoaderBase.checkThreadLocalsForLeaks Quand Java 9 est utilisé, il faut utiliser "--add-opens=java.base/java.lang=ALL-UNNAMED" sur la ligne de commande de la JVM pour activer la détection de fuites de mémoire des ThreadLocal ; sinon cet avertissement peut être supprimé en désactivant cette détection
24-Nov-2023 15:47:54.068 WARNING [main] org.apache.catalina.loader.WebappClassLoaderBase.clearReferencesRmiTargets Quand Java 9 est utilisé, il faut utiliser "--add-opens=java.rmi/sun.rmi.transport=ALL-UNNAMED" sur la ligne de commande de la JVM pour activer la détection de fuites de mémoire des cibles RMI ; sinon cet avertissement peut être supprimé en désactivant cette détection
24-Nov-2023 15:47:54.069 WARNING [main] org.apache.catalina.loader.WebappClassLoaderBase.clearReferencesObjectStreamClassCaches Lorsque Java 9 ou ultérieur est utilisé, "--add-opens=java.base/java.io=null" doit être ajouté aux arguments de la ligne de commande de la JVM pour activer la protection contre les fuites de mémoire du cache de ObjectStream; cet avertissement peut aussi être supprimé en désactivant cette protection
24-Nov-2023 15:47:54.069 WARNING [main] org.apache.catalina.loader.WebappClassLoaderBase.checkThreadLocalsForLeaks Quand Java 9 est utilisé, il faut utiliser "--add-opens=java.base/java.lang=ALL-UNNAMED" sur la ligne de commande de la JVM pour activer la détection de fuites de mémoire des ThreadLocal ; sinon cet avertissement peut être supprimé en désactivant cette détection
24-Nov-2023 15:47:54.070 WARNING [main] org.apache.catalina.loader.WebappClassLoaderBase.clearReferencesRmiTargets Quand Java 9 est utilisé, il faut utiliser "--add-opens=java.rmi/sun.rmi.transport=ALL-UNNAMED" sur la ligne de commande de la JVM pour activer la détection de fuites de mémoire des cibles RMI ; sinon cet avertissement peut être supprimé en désactivant cette détection
24-Nov-2023 15:47:54.071 WARNING [main] org.apache.catalina.loader.WebappClassLoaderBase.clearReferencesObjectStreamClassCaches Lorsque Java 9 ou ultérieur est utilisé, "--add-opens=java.base/java.io=null" doit être ajouté aux arguments de la ligne de commande de la JVM pour activer la protection contre les fuites de mémoire du cache de ObjectStream; cet avertissement peut aussi être supprimé en désactivant cette protection
24-Nov-2023 15:47:54.071 WARNING [main] org.apache.catalina.loader.WebappClassLoaderBase.checkThreadLocalsForLeaks Quand Java 9 est utilisé, il faut utiliser "--add-opens=java.base/java.lang=ALL-UNNAMED" sur la ligne de commande de la JVM pour activer la détection de fuites de mémoire des ThreadLocal ; sinon cet avertissement peut être supprimé en désactivant cette détection
24-Nov-2023 15:47:54.071 WARNING [main] org.apache.catalina.loader.WebappClassLoaderBase.clearReferencesRmiTargets Quand Java 9 est utilisé, il faut utiliser "--add-opens=java.rmi/sun.rmi.transport=ALL-UNNAMED" sur la ligne de commande de la JVM pour activer la détection de fuites de mémoire des cibles RMI ; sinon cet avertissement peut être supprimé en désactivant cette détection
24-Nov-2023 15:47:54.072 INFO [main] org.apache.coyote.AbstractProtocol.stop Arrêt du gestionnaire de protocole ["http-nio-8080"]
24-Nov-2023 15:47:54.104 INFO [main] org.apache.coyote.AbstractProtocol.destroy Destruction du gestionnaire de protocole ["http-nio-8080"]
24-Nov-2023 15:47:54.442 INFO [main] org.apache.catalina.startup.VersionLoggerListener.log Nom version serveur :              Apache Tomcat/9.0.52
24-Nov-2023 15:47:54.445 INFO [main] org.apache.catalina.startup.VersionLoggerListener.log Serveur compilé :                  Jul 31 2021 04:12:17 UTC
24-Nov-2023 15:47:54.445 INFO [main] org.apache.catalina.startup.VersionLoggerListener.log Version du serveur :               9.0.52.0
24-Nov-2023 15:47:54.445 INFO [main] org.apache.catalina.startup.VersionLoggerListener.log Nom de l'OS :                      Windows 10
24-Nov-2023 15:47:54.445 INFO [main] org.apache.catalina.startup.VersionLoggerListener.log Version OS :                       10.0
24-Nov-2023 15:47:54.445 INFO [main] org.apache.catalina.startup.VersionLoggerListener.log Architecture :                     amd64
24-Nov-2023 15:47:54.445 INFO [main] org.apache.catalina.startup.VersionLoggerListener.log Java Home :                        C:\Program Files\Java\jdk-17
24-Nov-2023 15:47:54.445 INFO [main] org.apache.catalina.startup.VersionLoggerListener.log Version JVM :                      17.0.8+9-LTS-211
24-Nov-2023 15:47:54.445 INFO [main] org.apache.catalina.startup.VersionLoggerListener.log Fournisseur de la JVM :            Oracle Corporation
24-Nov-2023 15:47:54.445 INFO [main] org.apache.catalina.startup.VersionLoggerListener.log CATALINA_BASE :                    C:\Users\20100\eclipse-workspace\_SOPRA-231010-GIT\apache-tomcat-9.0.52
24-Nov-2023 15:47:54.445 INFO [main] org.apache.catalina.startup.VersionLoggerListener.log CATALINA_HOME :                    C:\Users\20100\eclipse-workspace\_SOPRA-231010-GIT\apache-tomcat-9.0.52
24-Nov-2023 15:47:54.452 INFO [main] org.apache.catalina.startup.VersionLoggerListener.log Argument de la ligne de commande : -Djava.util.logging.config.file=c:\Users\20100\eclipse-workspace\_SOPRA-231010-GIT\apache-tomcat-9.0.52/conf/logging.properties
24-Nov-2023 15:47:54.452 INFO [main] org.apache.catalina.startup.VersionLoggerListener.log Argument de la ligne de commande : -Djava.util.logging.manager=org.apache.juli.ClassLoaderLogManager
24-Nov-2023 15:47:54.453 INFO [main] org.apache.catalina.startup.VersionLoggerListener.log Argument de la ligne de commande : -Djdk.tls.ephemeralDHKeySize=2048
24-Nov-2023 15:47:54.453 INFO [main] org.apache.catalina.startup.VersionLoggerListener.log Argument de la ligne de commande : -Djava.protocol.handler.pkgs=org.apache.catalina.webresources
24-Nov-2023 15:47:54.453 INFO [main] org.apache.catalina.startup.VersionLoggerListener.log Argument de la ligne de commande : -Dorg.apache.catalina.security.SecurityListener.UMASK=0027
24-Nov-2023 15:47:54.453 INFO [main] org.apache.catalina.startup.VersionLoggerListener.log Argument de la ligne de commande : -Dcatalina.base=c:\Users\20100\eclipse-workspace\_SOPRA-231010-GIT\apache-tomcat-9.0.52
24-Nov-2023 15:47:54.453 INFO [main] org.apache.catalina.startup.VersionLoggerListener.log Argument de la ligne de commande : -Dcatalina.home=c:\Users\20100\eclipse-workspace\_SOPRA-231010-GIT\apache-tomcat-9.0.52
24-Nov-2023 15:47:54.453 INFO [main] org.apache.catalina.startup.VersionLoggerListener.log Argument de la ligne de commande : -Djava.io.tmpdir=c:\Users\20100\eclipse-workspace\_SOPRA-231010-GIT\apache-tomcat-9.0.52/temp
24-Nov-2023 15:47:54.458 INFO [main] org.apache.catalina.core.AprLifecycleListener.lifecycleEvent La librairie Apache Tomcat Native basée sur APR qui permet des performances optimales dans les environnements de production n'a pas été trouvée sur le java.library.path : [C:\Program Files\Java\jdk-17\bin;C:\Windows\Sun\Java\bin;C:\Windows\system32;C:\Windows;C:\Program Files\Common Files\Oracle\Java\javapath;C:\Python311\Scripts\;C:\Python311\;C:\Program Files\Eclipse Adoptium\jdk-17.0.7.7-hotspot\bin;C:\Program Files\PerkinElmerInformatics\ChemOffice2020\ChemScript\Lib;C:\Program Files (x86)\Razer Chroma SDK\bin;C:\Program Files\Razer Chroma SDK\bin;C:\Program Files (x86)\Razer\ChromaBroadcast\bin;C:\Program Files\Razer\ChromaBroadcast\bin;C:\Program Files (x86)\Common Files\Oracle\Java\javapath;C:\Windows\system32;C:\Windows;C:\Windows\System32\Wbem;C:\Windows\System32\WindowsPowerShell\v1.0\;C:\Windows\System32\OpenSSH\;C:\Program Files (x86)\CambridgeSoft\ChemOffice2012\ChemScript\Lib;C:\Windows\system32\config\systemprofile\AppData\Local\Microsoft\WindowsApps;C:\Program Files (x86)\NVIDIA Corporation\PhysX\Common;C:\Program Files\NVIDIA Corporation\NVIDIA NvDLISR;C:\Program Files (x86)\dotnet\;C:\Program Files\Git\cmd;C:\Program Files\nodejs\;C:\ProgramData\chocolatey\bin;C:\Users\20100\AppData\Local\Microsoft\WindowsApps;C:\Users\20100\AppData\Local\Programs\Microsoft VS Code\bin;C:\Users\20100\AppData\Roaming\npm;C:\Users\20100\AppData\Local\gitkraken\bin;C:\Users\20100\AppData\Local\atom\bin;.]
24-Nov-2023 15:47:54.642 INFO [main] org.apache.coyote.AbstractProtocol.init Initialisation du gestionnaire de protocole ["http-nio-8080"]
24-Nov-2023 15:47:54.661 INFO [main] org.apache.catalina.startup.Catalina.load L'initialisation du serveur a pris [364] millisecondes
24-Nov-2023 15:47:54.693 INFO [main] org.apache.catalina.core.StandardService.startInternal Démarrage du service [Catalina]
24-Nov-2023 15:47:54.693 INFO [main] org.apache.catalina.core.StandardEngine.startInternal Démarrage du moteur de Servlets : [Apache Tomcat/9.0.52]
24-Nov-2023 15:47:54.702 INFO [main] org.apache.catalina.startup.HostConfig.deployDirectory Déploiement du répertoire d'application web [C:\Users\20100\eclipse-workspace\_SOPRA-231010-GIT\apache-tomcat-9.0.52\webapps\docs]
24-Nov-2023 15:47:54.908 INFO [main] org.apache.catalina.startup.HostConfig.deployDirectory Le déploiement du répertoire [C:\Users\20100\eclipse-workspace\_SOPRA-231010-GIT\apache-tomcat-9.0.52\webapps\docs] de l'application web s'est terminé en [205] ms
24-Nov-2023 15:47:54.909 INFO [main] org.apache.catalina.startup.HostConfig.deployDirectory Déploiement du répertoire d'application web [C:\Users\20100\eclipse-workspace\_SOPRA-231010-GIT\apache-tomcat-9.0.52\webapps\examples]
24-Nov-2023 15:47:55.232 INFO [main] org.apache.catalina.startup.HostConfig.deployDirectory Le déploiement du répertoire [C:\Users\20100\eclipse-workspace\_SOPRA-231010-GIT\apache-tomcat-9.0.52\webapps\examples] de l'application web s'est terminé en [323] ms
24-Nov-2023 15:47:55.232 INFO [main] org.apache.catalina.startup.HostConfig.deployDirectory Déploiement du répertoire d'application web [C:\Users\20100\eclipse-workspace\_SOPRA-231010-GIT\apache-tomcat-9.0.52\webapps\host-manager]
24-Nov-2023 15:47:55.270 INFO [main] org.apache.catalina.startup.HostConfig.deployDirectory Le déploiement du répertoire [C:\Users\20100\eclipse-workspace\_SOPRA-231010-GIT\apache-tomcat-9.0.52\webapps\host-manager] de l'application web s'est terminé en [38] ms
24-Nov-2023 15:47:55.271 INFO [main] org.apache.catalina.startup.HostConfig.deployDirectory Déploiement du répertoire d'application web [C:\Users\20100\eclipse-workspace\_SOPRA-231010-GIT\apache-tomcat-9.0.52\webapps\manager]
24-Nov-2023 15:47:55.309 INFO [main] org.apache.catalina.startup.HostConfig.deployDirectory Le déploiement du répertoire [C:\Users\20100\eclipse-workspace\_SOPRA-231010-GIT\apache-tomcat-9.0.52\webapps\manager] de l'application web s'est terminé en [38] ms
24-Nov-2023 15:47:55.309 INFO [main] org.apache.catalina.startup.HostConfig.deployDirectory Déploiement du répertoire d'application web [C:\Users\20100\eclipse-workspace\_SOPRA-231010-GIT\apache-tomcat-9.0.52\webapps\quest-front]
24-Nov-2023 15:47:55.334 INFO [main] org.apache.catalina.startup.HostConfig.deployDirectory Le déploiement du répertoire [C:\Users\20100\eclipse-workspace\_SOPRA-231010-GIT\apache-tomcat-9.0.52\webapps\quest-front] de l'application web s'est terminé en [25] ms
24-Nov-2023 15:47:55.334 INFO [main] org.apache.catalina.startup.HostConfig.deployDirectory Déploiement du répertoire d'application web [C:\Users\20100\eclipse-workspace\_SOPRA-231010-GIT\apache-tomcat-9.0.52\webapps\ROOT]
24-Nov-2023 15:47:55.358 INFO [main] org.apache.catalina.startup.HostConfig.deployDirectory Le déploiement du répertoire [C:\Users\20100\eclipse-workspace\_SOPRA-231010-GIT\apache-tomcat-9.0.52\webapps\ROOT] de l'application web s'est terminé en [24] ms
24-Nov-2023 15:47:55.362 INFO [main] org.apache.coyote.AbstractProtocol.start Démarrage du gestionnaire de protocole ["http-nio-8080"]
24-Nov-2023 15:47:55.419 INFO [main] org.apache.catalina.startup.Catalina.start Le démarrage du serveur a pris [759] millisecondes
24-Nov-2023 16:06:19.481 INFO [main] org.apache.catalina.core.StandardServer.await Une commande d'arrêt valide a été reçue sur le port d'arrêt, arrêt de l'instance du serveur
24-Nov-2023 16:06:19.482 INFO [main] org.apache.coyote.AbstractProtocol.pause Le gestionnaire de protocole ["http-nio-8080"] est mis en pause
24-Nov-2023 16:06:19.496 INFO [main] org.apache.catalina.core.StandardService.stopInternal Arrêt du service [Catalina]
24-Nov-2023 16:06:19.501 WARNING [main] org.apache.catalina.loader.WebappClassLoaderBase.clearReferencesObjectStreamClassCaches Lorsque Java 9 ou ultérieur est utilisé, "--add-opens=java.base/java.io=null" doit être ajouté aux arguments de la ligne de commande de la JVM pour activer la protection contre les fuites de mémoire du cache de ObjectStream; cet avertissement peut aussi être supprimé en désactivant cette protection
24-Nov-2023 16:06:19.501 WARNING [main] org.apache.catalina.loader.WebappClassLoaderBase.checkThreadLocalsForLeaks Quand Java 9 est utilisé, il faut utiliser "--add-opens=java.base/java.lang=ALL-UNNAMED" sur la ligne de commande de la JVM pour activer la détection de fuites de mémoire des ThreadLocal ; sinon cet avertissement peut être supprimé en désactivant cette détection
24-Nov-2023 16:06:19.502 WARNING [main] org.apache.catalina.loader.WebappClassLoaderBase.clearReferencesRmiTargets Quand Java 9 est utilisé, il faut utiliser "--add-opens=java.rmi/sun.rmi.transport=ALL-UNNAMED" sur la ligne de commande de la JVM pour activer la détection de fuites de mémoire des cibles RMI ; sinon cet avertissement peut être supprimé en désactivant cette détection
24-Nov-2023 16:06:19.504 WARNING [main] org.apache.catalina.loader.WebappClassLoaderBase.clearReferencesObjectStreamClassCaches Lorsque Java 9 ou ultérieur est utilisé, "--add-opens=java.base/java.io=null" doit être ajouté aux arguments de la ligne de commande de la JVM pour activer la protection contre les fuites de mémoire du cache de ObjectStream; cet avertissement peut aussi être supprimé en désactivant cette protection
24-Nov-2023 16:06:19.504 WARNING [main] org.apache.catalina.loader.WebappClassLoaderBase.checkThreadLocalsForLeaks Quand Java 9 est utilisé, il faut utiliser "--add-opens=java.base/java.lang=ALL-UNNAMED" sur la ligne de commande de la JVM pour activer la détection de fuites de mémoire des ThreadLocal ; sinon cet avertissement peut être supprimé en désactivant cette détection
24-Nov-2023 16:06:19.504 WARNING [main] org.apache.catalina.loader.WebappClassLoaderBase.clearReferencesRmiTargets Quand Java 9 est utilisé, il faut utiliser "--add-opens=java.rmi/sun.rmi.transport=ALL-UNNAMED" sur la ligne de commande de la JVM pour activer la détection de fuites de mémoire des cibles RMI ; sinon cet avertissement peut être supprimé en désactivant cette détection
24-Nov-2023 16:06:19.505 WARNING [main] org.apache.catalina.loader.WebappClassLoaderBase.clearReferencesObjectStreamClassCaches Lorsque Java 9 ou ultérieur est utilisé, "--add-opens=java.base/java.io=null" doit être ajouté aux arguments de la ligne de commande de la JVM pour activer la protection contre les fuites de mémoire du cache de ObjectStream; cet avertissement peut aussi être supprimé en désactivant cette protection
24-Nov-2023 16:06:19.506 WARNING [main] org.apache.catalina.loader.WebappClassLoaderBase.checkThreadLocalsForLeaks Quand Java 9 est utilisé, il faut utiliser "--add-opens=java.base/java.lang=ALL-UNNAMED" sur la ligne de commande de la JVM pour activer la détection de fuites de mémoire des ThreadLocal ; sinon cet avertissement peut être supprimé en désactivant cette détection
24-Nov-2023 16:06:19.506 WARNING [main] org.apache.catalina.loader.WebappClassLoaderBase.clearReferencesRmiTargets Quand Java 9 est utilisé, il faut utiliser "--add-opens=java.rmi/sun.rmi.transport=ALL-UNNAMED" sur la ligne de commande de la JVM pour activer la détection de fuites de mémoire des cibles RMI ; sinon cet avertissement peut être supprimé en désactivant cette détection
24-Nov-2023 16:06:19.508 WARNING [main] org.apache.catalina.loader.WebappClassLoaderBase.clearReferencesObjectStreamClassCaches Lorsque Java 9 ou ultérieur est utilisé, "--add-opens=java.base/java.io=null" doit être ajouté aux arguments de la ligne de commande de la JVM pour activer la protection contre les fuites de mémoire du cache de ObjectStream; cet avertissement peut aussi être supprimé en désactivant cette protection
24-Nov-2023 16:06:19.508 WARNING [main] org.apache.catalina.loader.WebappClassLoaderBase.checkThreadLocalsForLeaks Quand Java 9 est utilisé, il faut utiliser "--add-opens=java.base/java.lang=ALL-UNNAMED" sur la ligne de commande de la JVM pour activer la détection de fuites de mémoire des ThreadLocal ; sinon cet avertissement peut être supprimé en désactivant cette détection
24-Nov-2023 16:06:19.508 WARNING [main] org.apache.catalina.loader.WebappClassLoaderBase.clearReferencesRmiTargets Quand Java 9 est utilisé, il faut utiliser "--add-opens=java.rmi/sun.rmi.transport=ALL-UNNAMED" sur la ligne de commande de la JVM pour activer la détection de fuites de mémoire des cibles RMI ; sinon cet avertissement peut être supprimé en désactivant cette détection
24-Nov-2023 16:06:19.509 WARNING [main] org.apache.catalina.loader.WebappClassLoaderBase.clearReferencesObjectStreamClassCaches Lorsque Java 9 ou ultérieur est utilisé, "--add-opens=java.base/java.io=null" doit être ajouté aux arguments de la ligne de commande de la JVM pour activer la protection contre les fuites de mémoire du cache de ObjectStream; cet avertissement peut aussi être supprimé en désactivant cette protection
24-Nov-2023 16:06:19.509 WARNING [main] org.apache.catalina.loader.WebappClassLoaderBase.checkThreadLocalsForLeaks Quand Java 9 est utilisé, il faut utiliser "--add-opens=java.base/java.lang=ALL-UNNAMED" sur la ligne de commande de la JVM pour activer la détection de fuites de mémoire des ThreadLocal ; sinon cet avertissement peut être supprimé en désactivant cette détection
24-Nov-2023 16:06:19.509 WARNING [main] org.apache.catalina.loader.WebappClassLoaderBase.clearReferencesRmiTargets Quand Java 9 est utilisé, il faut utiliser "--add-opens=java.rmi/sun.rmi.transport=ALL-UNNAMED" sur la ligne de commande de la JVM pour activer la détection de fuites de mémoire des cibles RMI ; sinon cet avertissement peut être supprimé en désactivant cette détection
24-Nov-2023 16:06:19.511 WARNING [main] org.apache.catalina.loader.WebappClassLoaderBase.clearReferencesObjectStreamClassCaches Lorsque Java 9 ou ultérieur est utilisé, "--add-opens=java.base/java.io=null" doit être ajouté aux arguments de la ligne de commande de la JVM pour activer la protection contre les fuites de mémoire du cache de ObjectStream; cet avertissement peut aussi être supprimé en désactivant cette protection
24-Nov-2023 16:06:19.512 WARNING [main] org.apache.catalina.loader.WebappClassLoaderBase.checkThreadLocalsForLeaks Quand Java 9 est utilisé, il faut utiliser "--add-opens=java.base/java.lang=ALL-UNNAMED" sur la ligne de commande de la JVM pour activer la détection de fuites de mémoire des ThreadLocal ; sinon cet avertissement peut être supprimé en désactivant cette détection
24-Nov-2023 16:06:19.512 WARNING [main] org.apache.catalina.loader.WebappClassLoaderBase.clearReferencesRmiTargets Quand Java 9 est utilisé, il faut utiliser "--add-opens=java.rmi/sun.rmi.transport=ALL-UNNAMED" sur la ligne de commande de la JVM pour activer la détection de fuites de mémoire des cibles RMI ; sinon cet avertissement peut être supprimé en désactivant cette détection
24-Nov-2023 16:06:19.512 INFO [main] org.apache.coyote.AbstractProtocol.stop Arrêt du gestionnaire de protocole ["http-nio-8080"]
24-Nov-2023 16:06:19.543 INFO [main] org.apache.coyote.AbstractProtocol.destroy Destruction du gestionnaire de protocole ["http-nio-8080"]
